versions pytest-8.3.5, python-3.12.3.final.0
invocation_dir=/home/asd/workspace/Automation-Project/tests
cwd=/home/asd/workspace/Automation-Project/tests
args=('others_test.py', '--debug')

  pytest_cmdline_main [hook]
      config: <_pytest.config.Config object at 0x721532a725a0>
    pytest_plugin_registered [hook]
        plugin: <Session  exitstatus='<UNSET>' testsfailed=0 testscollected=0>
        plugin_name: session
        manager: <_pytest.config.PytestPluginManager object at 0x7215330bc8c0>
    finish pytest_plugin_registered --> [] [hook]
    pytest_configure [hook]
        config: <_pytest.config.Config object at 0x721532a725a0>
      pytest_plugin_registered [hook]
          plugin: <_pytest.cacheprovider.LFPlugin object at 0x7215326632c0>
          plugin_name: lfplugin
          manager: <_pytest.config.PytestPluginManager object at 0x7215330bc8c0>
      finish pytest_plugin_registered --> [] [hook]
      pytest_plugin_registered [hook]
          plugin: <_pytest.cacheprovider.NFPlugin object at 0x7215326992e0>
          plugin_name: nfplugin
          manager: <_pytest.config.PytestPluginManager object at 0x7215330bc8c0>
      finish pytest_plugin_registered --> [] [hook]
    early skip of rewriting module: faulthandler [assertion]
      pytest_plugin_registered [hook]
          plugin: <class '_pytest.legacypath.LegacyTmpdirPlugin'>
          plugin_name: legacypath-tmpdir
          manager: <_pytest.config.PytestPluginManager object at 0x7215330bc8c0>
      finish pytest_plugin_registered --> [] [hook]
    early skip of rewriting module: pdb [assertion]
    early skip of rewriting module: cmd [assertion]
    early skip of rewriting module: code [assertion]
    early skip of rewriting module: codeop [assertion]
      pytest_plugin_registered [hook]
          plugin: <_pytest.config.PytestPluginManager object at 0x7215330bc8c0>
          plugin_name: 125435376289984
          manager: <_pytest.config.PytestPluginManager object at 0x7215330bc8c0>
      finish pytest_plugin_registered --> [] [hook]
      pytest_plugin_registered [hook]
          plugin: <_pytest.config.Config object at 0x721532a725a0>
          plugin_name: pytestconfig
          manager: <_pytest.config.PytestPluginManager object at 0x7215330bc8c0>
      finish pytest_plugin_registered --> [] [hook]
      pytest_plugin_registered [hook]
          plugin: <module '_pytest.mark' from '/home/asd/workspace/Automation-Project/venv/lib/python3.12/site-packages/_pytest/mark/__init__.py'>
          plugin_name: mark
          manager: <_pytest.config.PytestPluginManager object at 0x7215330bc8c0>
      finish pytest_plugin_registered --> [] [hook]
      pytest_plugin_registered [hook]
          plugin: <module '_pytest.main' from '/home/asd/workspace/Automation-Project/venv/lib/python3.12/site-packages/_pytest/main.py'>
          plugin_name: main
          manager: <_pytest.config.PytestPluginManager object at 0x7215330bc8c0>
      finish pytest_plugin_registered --> [] [hook]
      pytest_plugin_registered [hook]
          plugin: <module '_pytest.runner' from '/home/asd/workspace/Automation-Project/venv/lib/python3.12/site-packages/_pytest/runner.py'>
          plugin_name: runner
          manager: <_pytest.config.PytestPluginManager object at 0x7215330bc8c0>
      finish pytest_plugin_registered --> [] [hook]
      pytest_plugin_registered [hook]
          plugin: <module '_pytest.fixtures' from '/home/asd/workspace/Automation-Project/venv/lib/python3.12/site-packages/_pytest/fixtures.py'>
          plugin_name: fixtures
          manager: <_pytest.config.PytestPluginManager object at 0x7215330bc8c0>
      finish pytest_plugin_registered --> [] [hook]
      pytest_plugin_registered [hook]
          plugin: <module '_pytest.helpconfig' from '/home/asd/workspace/Automation-Project/venv/lib/python3.12/site-packages/_pytest/helpconfig.py'>
          plugin_name: helpconfig
          manager: <_pytest.config.PytestPluginManager object at 0x7215330bc8c0>
      finish pytest_plugin_registered --> [] [hook]
      pytest_plugin_registered [hook]
          plugin: <module '_pytest.python' from '/home/asd/workspace/Automation-Project/venv/lib/python3.12/site-packages/_pytest/python.py'>
          plugin_name: python
          manager: <_pytest.config.PytestPluginManager object at 0x7215330bc8c0>
      finish pytest_plugin_registered --> [] [hook]
      pytest_plugin_registered [hook]
          plugin: <module '_pytest.terminal' from '/home/asd/workspace/Automation-Project/venv/lib/python3.12/site-packages/_pytest/terminal.py'>
          plugin_name: terminal
          manager: <_pytest.config.PytestPluginManager object at 0x7215330bc8c0>
      finish pytest_plugin_registered --> [] [hook]
      pytest_plugin_registered [hook]
          plugin: <module '_pytest.debugging' from '/home/asd/workspace/Automation-Project/venv/lib/python3.12/site-packages/_pytest/debugging.py'>
          plugin_name: debugging
          manager: <_pytest.config.PytestPluginManager object at 0x7215330bc8c0>
      finish pytest_plugin_registered --> [] [hook]
      pytest_plugin_registered [hook]
          plugin: <module '_pytest.unittest' from '/home/asd/workspace/Automation-Project/venv/lib/python3.12/site-packages/_pytest/unittest.py'>
          plugin_name: unittest
          manager: <_pytest.config.PytestPluginManager object at 0x7215330bc8c0>
      finish pytest_plugin_registered --> [] [hook]
      pytest_plugin_registered [hook]
          plugin: <module '_pytest.capture' from '/home/asd/workspace/Automation-Project/venv/lib/python3.12/site-packages/_pytest/capture.py'>
          plugin_name: capture
          manager: <_pytest.config.PytestPluginManager object at 0x7215330bc8c0>
      finish pytest_plugin_registered --> [] [hook]
      pytest_plugin_registered [hook]
          plugin: <module '_pytest.skipping' from '/home/asd/workspace/Automation-Project/venv/lib/python3.12/site-packages/_pytest/skipping.py'>
          plugin_name: skipping
          manager: <_pytest.config.PytestPluginManager object at 0x7215330bc8c0>
      finish pytest_plugin_registered --> [] [hook]
      pytest_plugin_registered [hook]
          plugin: <module '_pytest.legacypath' from '/home/asd/workspace/Automation-Project/venv/lib/python3.12/site-packages/_pytest/legacypath.py'>
          plugin_name: legacypath
          manager: <_pytest.config.PytestPluginManager object at 0x7215330bc8c0>
      finish pytest_plugin_registered --> [] [hook]
      pytest_plugin_registered [hook]
          plugin: <module '_pytest.tmpdir' from '/home/asd/workspace/Automation-Project/venv/lib/python3.12/site-packages/_pytest/tmpdir.py'>
          plugin_name: tmpdir
          manager: <_pytest.config.PytestPluginManager object at 0x7215330bc8c0>
      finish pytest_plugin_registered --> [] [hook]
      pytest_plugin_registered [hook]
          plugin: <module '_pytest.monkeypatch' from '/home/asd/workspace/Automation-Project/venv/lib/python3.12/site-packages/_pytest/monkeypatch.py'>
          plugin_name: monkeypatch
          manager: <_pytest.config.PytestPluginManager object at 0x7215330bc8c0>
      finish pytest_plugin_registered --> [] [hook]
      pytest_plugin_registered [hook]
          plugin: <module '_pytest.recwarn' from '/home/asd/workspace/Automation-Project/venv/lib/python3.12/site-packages/_pytest/recwarn.py'>
          plugin_name: recwarn
          manager: <_pytest.config.PytestPluginManager object at 0x7215330bc8c0>
      finish pytest_plugin_registered --> [] [hook]
      pytest_plugin_registered [hook]
          plugin: <module '_pytest.pastebin' from '/home/asd/workspace/Automation-Project/venv/lib/python3.12/site-packages/_pytest/pastebin.py'>
          plugin_name: pastebin
          manager: <_pytest.config.PytestPluginManager object at 0x7215330bc8c0>
      finish pytest_plugin_registered --> [] [hook]
      pytest_plugin_registered [hook]
          plugin: <module '_pytest.assertion' from '/home/asd/workspace/Automation-Project/venv/lib/python3.12/site-packages/_pytest/assertion/__init__.py'>
          plugin_name: assertion
          manager: <_pytest.config.PytestPluginManager object at 0x7215330bc8c0>
      finish pytest_plugin_registered --> [] [hook]
      pytest_plugin_registered [hook]
          plugin: <module '_pytest.junitxml' from '/home/asd/workspace/Automation-Project/venv/lib/python3.12/site-packages/_pytest/junitxml.py'>
          plugin_name: junitxml
          manager: <_pytest.config.PytestPluginManager object at 0x7215330bc8c0>
      finish pytest_plugin_registered --> [] [hook]
      pytest_plugin_registered [hook]
          plugin: <module '_pytest.doctest' from '/home/asd/workspace/Automation-Project/venv/lib/python3.12/site-packages/_pytest/doctest.py'>
          plugin_name: doctest
          manager: <_pytest.config.PytestPluginManager object at 0x7215330bc8c0>
      finish pytest_plugin_registered --> [] [hook]
      pytest_plugin_registered [hook]
          plugin: <module '_pytest.cacheprovider' from '/home/asd/workspace/Automation-Project/venv/lib/python3.12/site-packages/_pytest/cacheprovider.py'>
          plugin_name: cacheprovider
          manager: <_pytest.config.PytestPluginManager object at 0x7215330bc8c0>
      finish pytest_plugin_registered --> [] [hook]
      pytest_plugin_registered [hook]
          plugin: <module '_pytest.freeze_support' from '/home/asd/workspace/Automation-Project/venv/lib/python3.12/site-packages/_pytest/freeze_support.py'>
          plugin_name: freeze_support
          manager: <_pytest.config.PytestPluginManager object at 0x7215330bc8c0>
      finish pytest_plugin_registered --> [] [hook]
      pytest_plugin_registered [hook]
          plugin: <module '_pytest.setuponly' from '/home/asd/workspace/Automation-Project/venv/lib/python3.12/site-packages/_pytest/setuponly.py'>
          plugin_name: setuponly
          manager: <_pytest.config.PytestPluginManager object at 0x7215330bc8c0>
      finish pytest_plugin_registered --> [] [hook]
      pytest_plugin_registered [hook]
          plugin: <module '_pytest.setupplan' from '/home/asd/workspace/Automation-Project/venv/lib/python3.12/site-packages/_pytest/setupplan.py'>
          plugin_name: setupplan
          manager: <_pytest.config.PytestPluginManager object at 0x7215330bc8c0>
      finish pytest_plugin_registered --> [] [hook]
      pytest_plugin_registered [hook]
          plugin: <module '_pytest.stepwise' from '/home/asd/workspace/Automation-Project/venv/lib/python3.12/site-packages/_pytest/stepwise.py'>
          plugin_name: stepwise
          manager: <_pytest.config.PytestPluginManager object at 0x7215330bc8c0>
      finish pytest_plugin_registered --> [] [hook]
      pytest_plugin_registered [hook]
          plugin: <module '_pytest.warnings' from '/home/asd/workspace/Automation-Project/venv/lib/python3.12/site-packages/_pytest/warnings.py'>
          plugin_name: warnings
          manager: <_pytest.config.PytestPluginManager object at 0x7215330bc8c0>
      finish pytest_plugin_registered --> [] [hook]
      pytest_plugin_registered [hook]
          plugin: <module '_pytest.logging' from '/home/asd/workspace/Automation-Project/venv/lib/python3.12/site-packages/_pytest/logging.py'>
          plugin_name: logging
          manager: <_pytest.config.PytestPluginManager object at 0x7215330bc8c0>
      finish pytest_plugin_registered --> [] [hook]
      pytest_plugin_registered [hook]
          plugin: <module '_pytest.reports' from '/home/asd/workspace/Automation-Project/venv/lib/python3.12/site-packages/_pytest/reports.py'>
          plugin_name: reports
          manager: <_pytest.config.PytestPluginManager object at 0x7215330bc8c0>
      finish pytest_plugin_registered --> [] [hook]
      pytest_plugin_registered [hook]
          plugin: <module '_pytest.python_path' from '/home/asd/workspace/Automation-Project/venv/lib/python3.12/site-packages/_pytest/python_path.py'>
          plugin_name: python_path
          manager: <_pytest.config.PytestPluginManager object at 0x7215330bc8c0>
      finish pytest_plugin_registered --> [] [hook]
      pytest_plugin_registered [hook]
          plugin: <module '_pytest.unraisableexception' from '/home/asd/workspace/Automation-Project/venv/lib/python3.12/site-packages/_pytest/unraisableexception.py'>
          plugin_name: unraisableexception
          manager: <_pytest.config.PytestPluginManager object at 0x7215330bc8c0>
      finish pytest_plugin_registered --> [] [hook]
      pytest_plugin_registered [hook]
          plugin: <module '_pytest.threadexception' from '/home/asd/workspace/Automation-Project/venv/lib/python3.12/site-packages/_pytest/threadexception.py'>
          plugin_name: threadexception
          manager: <_pytest.config.PytestPluginManager object at 0x7215330bc8c0>
      finish pytest_plugin_registered --> [] [hook]
      pytest_plugin_registered [hook]
          plugin: <module '_pytest.faulthandler' from '/home/asd/workspace/Automation-Project/venv/lib/python3.12/site-packages/_pytest/faulthandler.py'>
          plugin_name: faulthandler
          manager: <_pytest.config.PytestPluginManager object at 0x7215330bc8c0>
      finish pytest_plugin_registered --> [] [hook]
      pytest_plugin_registered [hook]
          plugin: <module 'pytest_playwright.pytest_playwright' from '/home/asd/workspace/Automation-Project/venv/lib/python3.12/site-packages/pytest_playwright/pytest_playwright.py'>
          plugin_name: playwright
          manager: <_pytest.config.PytestPluginManager object at 0x7215330bc8c0>
      finish pytest_plugin_registered --> [] [hook]
      pytest_plugin_registered [hook]
          plugin: <module 'pytest_base_url.plugin' from '/home/asd/workspace/Automation-Project/venv/lib/python3.12/site-packages/pytest_base_url/plugin.py'>
          plugin_name: base_url
          manager: <_pytest.config.PytestPluginManager object at 0x7215330bc8c0>
      finish pytest_plugin_registered --> [] [hook]
      pytest_plugin_registered [hook]
          plugin: <CaptureManager _method='fd' _global_capturing=<MultiCapture out=<FDCapture 1 oldfd=5 _state='suspended' tmpfile=<_io.TextIOWrapper name="<_io.FileIO name=6 mode='rb+' closefd=True>" mode='r+' encoding='utf-8'>> err=<FDCapture 2 oldfd=7 _state='suspended' tmpfile=<_io.TextIOWrapper name="<_io.FileIO name=8 mode='rb+' closefd=True>" mode='r+' encoding='utf-8'>> in_=<FDCapture 0 oldfd=3 _state='started' tmpfile=<_io.TextIOWrapper name='/dev/null' mode='r' encoding='utf-8'>> _state='suspended' _in_suspended=False> _capture_fixture=None>
          plugin_name: capturemanager
          manager: <_pytest.config.PytestPluginManager object at 0x7215330bc8c0>
      finish pytest_plugin_registered --> [] [hook]
      pytest_plugin_registered [hook]
          plugin: <Session  exitstatus=<ExitCode.OK: 0> testsfailed=0 testscollected=0>
          plugin_name: session
          manager: <_pytest.config.PytestPluginManager object at 0x7215330bc8c0>
      finish pytest_plugin_registered --> [] [hook]
      pytest_plugin_registered [hook]
          plugin: <_pytest.cacheprovider.LFPlugin object at 0x7215326632c0>
          plugin_name: lfplugin
          manager: <_pytest.config.PytestPluginManager object at 0x7215330bc8c0>
      finish pytest_plugin_registered --> [] [hook]
      pytest_plugin_registered [hook]
          plugin: <_pytest.cacheprovider.NFPlugin object at 0x7215326992e0>
          plugin_name: nfplugin
          manager: <_pytest.config.PytestPluginManager object at 0x7215330bc8c0>
      finish pytest_plugin_registered --> [] [hook]
      pytest_plugin_registered [hook]
          plugin: <class '_pytest.legacypath.LegacyTmpdirPlugin'>
          plugin_name: legacypath-tmpdir
          manager: <_pytest.config.PytestPluginManager object at 0x7215330bc8c0>
      finish pytest_plugin_registered --> [] [hook]
      pytest_plugin_registered [hook]
          plugin: <_pytest.terminal.TerminalReporter object at 0x7215316455e0>
          plugin_name: terminalreporter
          manager: <_pytest.config.PytestPluginManager object at 0x7215330bc8c0>
      finish pytest_plugin_registered --> [] [hook]
      pytest_plugin_registered [hook]
          plugin: <_pytest.logging.LoggingPlugin object at 0x721532c9b0b0>
          plugin_name: logging-plugin
          manager: <_pytest.config.PytestPluginManager object at 0x7215330bc8c0>
      finish pytest_plugin_registered --> [] [hook]
    finish pytest_configure --> [] [hook]
    pytest_sessionstart [hook]
        session: <Session  exitstatus=<ExitCode.OK: 0> testsfailed=0 testscollected=0>
      pytest_plugin_registered [hook]
          plugin: <_pytest.config.PytestPluginManager object at 0x7215330bc8c0>
          plugin_name: 125435376289984
          manager: <_pytest.config.PytestPluginManager object at 0x7215330bc8c0>
      finish pytest_plugin_registered --> [] [hook]
      pytest_plugin_registered [hook]
          plugin: <_pytest.config.Config object at 0x721532a725a0>
          plugin_name: pytestconfig
          manager: <_pytest.config.PytestPluginManager object at 0x7215330bc8c0>
      finish pytest_plugin_registered --> [] [hook]
      pytest_plugin_registered [hook]
          plugin: <module '_pytest.mark' from '/home/asd/workspace/Automation-Project/venv/lib/python3.12/site-packages/_pytest/mark/__init__.py'>
          plugin_name: mark
          manager: <_pytest.config.PytestPluginManager object at 0x7215330bc8c0>
      finish pytest_plugin_registered --> [] [hook]
      pytest_plugin_registered [hook]
          plugin: <module '_pytest.main' from '/home/asd/workspace/Automation-Project/venv/lib/python3.12/site-packages/_pytest/main.py'>
          plugin_name: main
          manager: <_pytest.config.PytestPluginManager object at 0x7215330bc8c0>
      finish pytest_plugin_registered --> [] [hook]
      pytest_plugin_registered [hook]
          plugin: <module '_pytest.runner' from '/home/asd/workspace/Automation-Project/venv/lib/python3.12/site-packages/_pytest/runner.py'>
          plugin_name: runner
          manager: <_pytest.config.PytestPluginManager object at 0x7215330bc8c0>
      finish pytest_plugin_registered --> [] [hook]
      pytest_plugin_registered [hook]
          plugin: <module '_pytest.fixtures' from '/home/asd/workspace/Automation-Project/venv/lib/python3.12/site-packages/_pytest/fixtures.py'>
          plugin_name: fixtures
          manager: <_pytest.config.PytestPluginManager object at 0x7215330bc8c0>
      finish pytest_plugin_registered --> [] [hook]
      pytest_plugin_registered [hook]
          plugin: <module '_pytest.helpconfig' from '/home/asd/workspace/Automation-Project/venv/lib/python3.12/site-packages/_pytest/helpconfig.py'>
          plugin_name: helpconfig
          manager: <_pytest.config.PytestPluginManager object at 0x7215330bc8c0>
      finish pytest_plugin_registered --> [] [hook]
      pytest_plugin_registered [hook]
          plugin: <module '_pytest.python' from '/home/asd/workspace/Automation-Project/venv/lib/python3.12/site-packages/_pytest/python.py'>
          plugin_name: python
          manager: <_pytest.config.PytestPluginManager object at 0x7215330bc8c0>
      finish pytest_plugin_registered --> [] [hook]
      pytest_plugin_registered [hook]
          plugin: <module '_pytest.terminal' from '/home/asd/workspace/Automation-Project/venv/lib/python3.12/site-packages/_pytest/terminal.py'>
          plugin_name: terminal
          manager: <_pytest.config.PytestPluginManager object at 0x7215330bc8c0>
      finish pytest_plugin_registered --> [] [hook]
      pytest_plugin_registered [hook]
          plugin: <module '_pytest.debugging' from '/home/asd/workspace/Automation-Project/venv/lib/python3.12/site-packages/_pytest/debugging.py'>
          plugin_name: debugging
          manager: <_pytest.config.PytestPluginManager object at 0x7215330bc8c0>
      finish pytest_plugin_registered --> [] [hook]
      pytest_plugin_registered [hook]
          plugin: <module '_pytest.unittest' from '/home/asd/workspace/Automation-Project/venv/lib/python3.12/site-packages/_pytest/unittest.py'>
          plugin_name: unittest
          manager: <_pytest.config.PytestPluginManager object at 0x7215330bc8c0>
      finish pytest_plugin_registered --> [] [hook]
      pytest_plugin_registered [hook]
          plugin: <module '_pytest.capture' from '/home/asd/workspace/Automation-Project/venv/lib/python3.12/site-packages/_pytest/capture.py'>
          plugin_name: capture
          manager: <_pytest.config.PytestPluginManager object at 0x7215330bc8c0>
      finish pytest_plugin_registered --> [] [hook]
      pytest_plugin_registered [hook]
          plugin: <module '_pytest.skipping' from '/home/asd/workspace/Automation-Project/venv/lib/python3.12/site-packages/_pytest/skipping.py'>
          plugin_name: skipping
          manager: <_pytest.config.PytestPluginManager object at 0x7215330bc8c0>
      finish pytest_plugin_registered --> [] [hook]
      pytest_plugin_registered [hook]
          plugin: <module '_pytest.legacypath' from '/home/asd/workspace/Automation-Project/venv/lib/python3.12/site-packages/_pytest/legacypath.py'>
          plugin_name: legacypath
          manager: <_pytest.config.PytestPluginManager object at 0x7215330bc8c0>
      finish pytest_plugin_registered --> [] [hook]
      pytest_plugin_registered [hook]
          plugin: <module '_pytest.tmpdir' from '/home/asd/workspace/Automation-Project/venv/lib/python3.12/site-packages/_pytest/tmpdir.py'>
          plugin_name: tmpdir
          manager: <_pytest.config.PytestPluginManager object at 0x7215330bc8c0>
      finish pytest_plugin_registered --> [] [hook]
      pytest_plugin_registered [hook]
          plugin: <module '_pytest.monkeypatch' from '/home/asd/workspace/Automation-Project/venv/lib/python3.12/site-packages/_pytest/monkeypatch.py'>
          plugin_name: monkeypatch
          manager: <_pytest.config.PytestPluginManager object at 0x7215330bc8c0>
      finish pytest_plugin_registered --> [] [hook]
      pytest_plugin_registered [hook]
          plugin: <module '_pytest.recwarn' from '/home/asd/workspace/Automation-Project/venv/lib/python3.12/site-packages/_pytest/recwarn.py'>
          plugin_name: recwarn
          manager: <_pytest.config.PytestPluginManager object at 0x7215330bc8c0>
      finish pytest_plugin_registered --> [] [hook]
      pytest_plugin_registered [hook]
          plugin: <module '_pytest.pastebin' from '/home/asd/workspace/Automation-Project/venv/lib/python3.12/site-packages/_pytest/pastebin.py'>
          plugin_name: pastebin
          manager: <_pytest.config.PytestPluginManager object at 0x7215330bc8c0>
      finish pytest_plugin_registered --> [] [hook]
      pytest_plugin_registered [hook]
          plugin: <module '_pytest.assertion' from '/home/asd/workspace/Automation-Project/venv/lib/python3.12/site-packages/_pytest/assertion/__init__.py'>
          plugin_name: assertion
          manager: <_pytest.config.PytestPluginManager object at 0x7215330bc8c0>
      finish pytest_plugin_registered --> [] [hook]
      pytest_plugin_registered [hook]
          plugin: <module '_pytest.junitxml' from '/home/asd/workspace/Automation-Project/venv/lib/python3.12/site-packages/_pytest/junitxml.py'>
          plugin_name: junitxml
          manager: <_pytest.config.PytestPluginManager object at 0x7215330bc8c0>
      finish pytest_plugin_registered --> [] [hook]
      pytest_plugin_registered [hook]
          plugin: <module '_pytest.doctest' from '/home/asd/workspace/Automation-Project/venv/lib/python3.12/site-packages/_pytest/doctest.py'>
          plugin_name: doctest
          manager: <_pytest.config.PytestPluginManager object at 0x7215330bc8c0>
      finish pytest_plugin_registered --> [] [hook]
      pytest_plugin_registered [hook]
          plugin: <module '_pytest.cacheprovider' from '/home/asd/workspace/Automation-Project/venv/lib/python3.12/site-packages/_pytest/cacheprovider.py'>
          plugin_name: cacheprovider
          manager: <_pytest.config.PytestPluginManager object at 0x7215330bc8c0>
      finish pytest_plugin_registered --> [] [hook]
      pytest_plugin_registered [hook]
          plugin: <module '_pytest.freeze_support' from '/home/asd/workspace/Automation-Project/venv/lib/python3.12/site-packages/_pytest/freeze_support.py'>
          plugin_name: freeze_support
          manager: <_pytest.config.PytestPluginManager object at 0x7215330bc8c0>
      finish pytest_plugin_registered --> [] [hook]
      pytest_plugin_registered [hook]
          plugin: <module '_pytest.setuponly' from '/home/asd/workspace/Automation-Project/venv/lib/python3.12/site-packages/_pytest/setuponly.py'>
          plugin_name: setuponly
          manager: <_pytest.config.PytestPluginManager object at 0x7215330bc8c0>
      finish pytest_plugin_registered --> [] [hook]
      pytest_plugin_registered [hook]
          plugin: <module '_pytest.setupplan' from '/home/asd/workspace/Automation-Project/venv/lib/python3.12/site-packages/_pytest/setupplan.py'>
          plugin_name: setupplan
          manager: <_pytest.config.PytestPluginManager object at 0x7215330bc8c0>
      finish pytest_plugin_registered --> [] [hook]
      pytest_plugin_registered [hook]
          plugin: <module '_pytest.stepwise' from '/home/asd/workspace/Automation-Project/venv/lib/python3.12/site-packages/_pytest/stepwise.py'>
          plugin_name: stepwise
          manager: <_pytest.config.PytestPluginManager object at 0x7215330bc8c0>
      finish pytest_plugin_registered --> [] [hook]
      pytest_plugin_registered [hook]
          plugin: <module '_pytest.warnings' from '/home/asd/workspace/Automation-Project/venv/lib/python3.12/site-packages/_pytest/warnings.py'>
          plugin_name: warnings
          manager: <_pytest.config.PytestPluginManager object at 0x7215330bc8c0>
      finish pytest_plugin_registered --> [] [hook]
      pytest_plugin_registered [hook]
          plugin: <module '_pytest.logging' from '/home/asd/workspace/Automation-Project/venv/lib/python3.12/site-packages/_pytest/logging.py'>
          plugin_name: logging
          manager: <_pytest.config.PytestPluginManager object at 0x7215330bc8c0>
      finish pytest_plugin_registered --> [] [hook]
      pytest_plugin_registered [hook]
          plugin: <module '_pytest.reports' from '/home/asd/workspace/Automation-Project/venv/lib/python3.12/site-packages/_pytest/reports.py'>
          plugin_name: reports
          manager: <_pytest.config.PytestPluginManager object at 0x7215330bc8c0>
      finish pytest_plugin_registered --> [] [hook]
      pytest_plugin_registered [hook]
          plugin: <module '_pytest.python_path' from '/home/asd/workspace/Automation-Project/venv/lib/python3.12/site-packages/_pytest/python_path.py'>
          plugin_name: python_path
          manager: <_pytest.config.PytestPluginManager object at 0x7215330bc8c0>
      finish pytest_plugin_registered --> [] [hook]
      pytest_plugin_registered [hook]
          plugin: <module '_pytest.unraisableexception' from '/home/asd/workspace/Automation-Project/venv/lib/python3.12/site-packages/_pytest/unraisableexception.py'>
          plugin_name: unraisableexception
          manager: <_pytest.config.PytestPluginManager object at 0x7215330bc8c0>
      finish pytest_plugin_registered --> [] [hook]
      pytest_plugin_registered [hook]
          plugin: <module '_pytest.threadexception' from '/home/asd/workspace/Automation-Project/venv/lib/python3.12/site-packages/_pytest/threadexception.py'>
          plugin_name: threadexception
          manager: <_pytest.config.PytestPluginManager object at 0x7215330bc8c0>
      finish pytest_plugin_registered --> [] [hook]
      pytest_plugin_registered [hook]
          plugin: <module '_pytest.faulthandler' from '/home/asd/workspace/Automation-Project/venv/lib/python3.12/site-packages/_pytest/faulthandler.py'>
          plugin_name: faulthandler
          manager: <_pytest.config.PytestPluginManager object at 0x7215330bc8c0>
      finish pytest_plugin_registered --> [] [hook]
      pytest_plugin_registered [hook]
          plugin: <module 'pytest_playwright.pytest_playwright' from '/home/asd/workspace/Automation-Project/venv/lib/python3.12/site-packages/pytest_playwright/pytest_playwright.py'>
          plugin_name: playwright
          manager: <_pytest.config.PytestPluginManager object at 0x7215330bc8c0>
      finish pytest_plugin_registered --> [] [hook]
      pytest_plugin_registered [hook]
          plugin: <module 'pytest_base_url.plugin' from '/home/asd/workspace/Automation-Project/venv/lib/python3.12/site-packages/pytest_base_url/plugin.py'>
          plugin_name: base_url
          manager: <_pytest.config.PytestPluginManager object at 0x7215330bc8c0>
      finish pytest_plugin_registered --> [] [hook]
      pytest_plugin_registered [hook]
          plugin: <CaptureManager _method='fd' _global_capturing=<MultiCapture out=<FDCapture 1 oldfd=5 _state='suspended' tmpfile=<_io.TextIOWrapper name="<_io.FileIO name=6 mode='rb+' closefd=True>" mode='r+' encoding='utf-8'>> err=<FDCapture 2 oldfd=7 _state='suspended' tmpfile=<_io.TextIOWrapper name="<_io.FileIO name=8 mode='rb+' closefd=True>" mode='r+' encoding='utf-8'>> in_=<FDCapture 0 oldfd=3 _state='started' tmpfile=<_io.TextIOWrapper name='/dev/null' mode='r' encoding='utf-8'>> _state='suspended' _in_suspended=False> _capture_fixture=None>
          plugin_name: capturemanager
          manager: <_pytest.config.PytestPluginManager object at 0x7215330bc8c0>
      finish pytest_plugin_registered --> [] [hook]
      pytest_plugin_registered [hook]
          plugin: <Session  exitstatus=<ExitCode.OK: 0> testsfailed=0 testscollected=0>
          plugin_name: session
          manager: <_pytest.config.PytestPluginManager object at 0x7215330bc8c0>
      finish pytest_plugin_registered --> [] [hook]
      pytest_plugin_registered [hook]
          plugin: <_pytest.cacheprovider.LFPlugin object at 0x7215326632c0>
          plugin_name: lfplugin
          manager: <_pytest.config.PytestPluginManager object at 0x7215330bc8c0>
      finish pytest_plugin_registered --> [] [hook]
      pytest_plugin_registered [hook]
          plugin: <_pytest.cacheprovider.NFPlugin object at 0x7215326992e0>
          plugin_name: nfplugin
          manager: <_pytest.config.PytestPluginManager object at 0x7215330bc8c0>
      finish pytest_plugin_registered --> [] [hook]
      pytest_plugin_registered [hook]
          plugin: <class '_pytest.legacypath.LegacyTmpdirPlugin'>
          plugin_name: legacypath-tmpdir
          manager: <_pytest.config.PytestPluginManager object at 0x7215330bc8c0>
      finish pytest_plugin_registered --> [] [hook]
      pytest_plugin_registered [hook]
          plugin: <_pytest.terminal.TerminalReporter object at 0x7215316455e0>
          plugin_name: terminalreporter
          manager: <_pytest.config.PytestPluginManager object at 0x7215330bc8c0>
      finish pytest_plugin_registered --> [] [hook]
      pytest_plugin_registered [hook]
          plugin: <_pytest.logging.LoggingPlugin object at 0x721532c9b0b0>
          plugin_name: logging-plugin
          manager: <_pytest.config.PytestPluginManager object at 0x7215330bc8c0>
      finish pytest_plugin_registered --> [] [hook]
      pytest_plugin_registered [hook]
          plugin: <_pytest.fixtures.FixtureManager object at 0x72153163ddc0>
          plugin_name: funcmanage
          manager: <_pytest.config.PytestPluginManager object at 0x7215330bc8c0>
      finish pytest_plugin_registered --> [] [hook]
      pytest_report_header [hook]
          config: <_pytest.config.Config object at 0x721532a725a0>
          start_path: /home/asd/workspace/Automation-Project/tests
          startdir: /home/asd/workspace/Automation-Project/tests
      early skip of rewriting module: email.parser [assertion]
      early skip of rewriting module: email.feedparser [assertion]
      finish pytest_report_header --> [['rootdir: /home/asd/workspace/Automation-Project/tests', 'plugins: playwright-0.7.0, base-url-2.1.0'], ['using: pytest-8.3.5', 'registered third-party plugins:', '  pytest-playwright-0.7.0 at /home/asd/workspace/Automation-Project/venv/lib/python3.12/site-packages/pytest_playwright/pytest_playwright.py', '  pytest-base-url-2.1.0 at /home/asd/workspace/Automation-Project/venv/lib/python3.12/site-packages/pytest_base_url/plugin.py']] [hook]
    finish pytest_sessionstart --> [] [hook]
    pytest_collection [hook]
        session: <Session  exitstatus=<ExitCode.OK: 0> testsfailed=0 testscollected=0>
    perform_collect <Session  exitstatus=<ExitCode.OK: 0> testsfailed=0 testscollected=0> ['others_test.py'] [collection]
        pytest_collectstart [hook]
            collector: <Session  exitstatus=<ExitCode.OK: 0> testsfailed=0 testscollected=0>
        finish pytest_collectstart --> [] [hook]
        pytest_make_collect_report [hook]
            collector: <Session  exitstatus=<ExitCode.OK: 0> testsfailed=0 testscollected=0>
        processing argument CollectionArgument(path=PosixPath('/home/asd/workspace/Automation-Project/tests/others_test.py'), parts=[], module_name=None) [collection]
            pytest_collect_directory [hook]
                path: /home/asd/workspace/Automation-Project/tests
                parent: <Session  exitstatus=<ExitCode.OK: 0> testsfailed=0 testscollected=0>
            finish pytest_collect_directory --> <Dir tests> [hook]
            pytest_collectstart [hook]
                collector: <Dir tests>
            finish pytest_collectstart --> [] [hook]
            pytest_make_collect_report [hook]
                collector: <Dir tests>
              pytest_ignore_collect [hook]
                  config: <_pytest.config.Config object at 0x721532a725a0>
                  collection_path: /home/asd/workspace/Automation-Project/tests/.pytest_cache
                  path: /home/asd/workspace/Automation-Project/tests/.pytest_cache
              finish pytest_ignore_collect --> True [hook]
              pytest_ignore_collect [hook]
                  config: <_pytest.config.Config object at 0x721532a725a0>
                  collection_path: /home/asd/workspace/Automation-Project/tests/__pycache__
                  path: /home/asd/workspace/Automation-Project/tests/__pycache__
              finish pytest_ignore_collect --> True [hook]
              pytest_ignore_collect [hook]
                  config: <_pytest.config.Config object at 0x721532a725a0>
                  collection_path: /home/asd/workspace/Automation-Project/tests/bidding.spec.ts
                  path: /home/asd/workspace/Automation-Project/tests/bidding.spec.ts
              finish pytest_ignore_collect --> None [hook]
              pytest_collect_file [hook]
                  parent: <Dir tests>
                  file_path: /home/asd/workspace/Automation-Project/tests/bidding.spec.ts
                  path: /home/asd/workspace/Automation-Project/tests/bidding.spec.ts
              finish pytest_collect_file --> [] [hook]
              pytest_collect_file [hook]
                  parent: <Dir tests>
                  file_path: /home/asd/workspace/Automation-Project/tests/others_test.py
                  path: /home/asd/workspace/Automation-Project/tests/others_test.py
                pytest_pycollect_makemodule [hook]
                    parent: <Dir tests>
                    module_path: /home/asd/workspace/Automation-Project/tests/others_test.py
                    path: /home/asd/workspace/Automation-Project/tests/others_test.py
                finish pytest_pycollect_makemodule --> <Module others_test.py> [hook]
              finish pytest_collect_file --> [<Module others_test.py>] [hook]
              pytest_ignore_collect [hook]
                  config: <_pytest.config.Config object at 0x721532a725a0>
                  collection_path: /home/asd/workspace/Automation-Project/tests/pytestdebug.log
                  path: /home/asd/workspace/Automation-Project/tests/pytestdebug.log
              finish pytest_ignore_collect --> None [hook]
              pytest_collect_file [hook]
                  parent: <Dir tests>
                  file_path: /home/asd/workspace/Automation-Project/tests/pytestdebug.log
                  path: /home/asd/workspace/Automation-Project/tests/pytestdebug.log
              finish pytest_collect_file --> [] [hook]
            finish pytest_make_collect_report --> <CollectReport '.' lenresult=1 outcome='passed'> [hook]
        finish pytest_make_collect_report --> <CollectReport '' lenresult=1 outcome='passed'> [hook]
        pytest_collectreport [hook]
            report: <CollectReport '' lenresult=1 outcome='passed'>
        finish pytest_collectreport --> [] [hook]
    genitems <Module others_test.py> [collection]
      pytest_collectstart [hook]
          collector: <Module others_test.py>
      finish pytest_collectstart --> [] [hook]
      pytest_make_collect_report [hook]
          collector: <Module others_test.py>
      find_module called for: others_test [assertion]
      matched test file (was specified on cmdline): '/home/asd/workspace/Automation-Project/tests/others_test.py' [assertion]
      found cached rewritten pyc for /home/asd/workspace/Automation-Project/tests/others_test.py [assertion]
        pytest_pycollect_makeitem [hook]
            collector: <Module others_test.py>
            name: @py_builtins
            obj: <module 'builtins' (built-in)>
        finish pytest_pycollect_makeitem --> None [hook]
        pytest_pycollect_makeitem [hook]
            collector: <Module others_test.py>
            name: @pytest_ar
            obj: <module '_pytest.assertion.rewrite' from '/home/asd/workspace/Automation-Project/venv/lib/python3.12/site-packages/_pytest/assertion/rewrite.py'>
        finish pytest_pycollect_makeitem --> None [hook]
        pytest_pycollect_makeitem [hook]
            collector: <Module others_test.py>
            name: sync_playwright
            obj: <function sync_playwright at 0x7215330b9120>
        finish pytest_pycollect_makeitem --> None [hook]
        pytest_pycollect_makeitem [hook]
            collector: <Module others_test.py>
            name: test_navigation
            obj: <function test_navigation at 0x721531683560>
          pytest_generate_tests [hook]
              metafunc: <_pytest.python.Metafunc object at 0x72153163da00>
          finish pytest_generate_tests --> [] [hook]
        finish pytest_pycollect_makeitem --> [<Function test_navigation>] [hook]
        pytest_pycollect_makeitem [hook]
            collector: <Module others_test.py>
            name: test_form_submission
            obj: <function test_form_submission at 0x721531683600>
          pytest_generate_tests [hook]
              metafunc: <_pytest.python.Metafunc object at 0x72153163f9b0>
          finish pytest_generate_tests --> [] [hook]
        finish pytest_pycollect_makeitem --> [<Function test_form_submission>] [hook]
        pytest_pycollect_makeitem [hook]
            collector: <Module others_test.py>
            name: test_responsive_design
            obj: <function test_responsive_design at 0x7215316836a0>
          pytest_generate_tests [hook]
              metafunc: <_pytest.python.Metafunc object at 0x72153163f950>
          finish pytest_generate_tests --> [] [hook]
        finish pytest_pycollect_makeitem --> [<Function test_responsive_design>] [hook]
        pytest_pycollect_makeitem [hook]
            collector: <Module others_test.py>
            name: test_page_load_speed
            obj: <function test_page_load_speed at 0x721531683740>
          pytest_generate_tests [hook]
              metafunc: <_pytest.python.Metafunc object at 0x72153163da00>
          finish pytest_generate_tests --> [] [hook]
        finish pytest_pycollect_makeitem --> [<Function test_page_load_speed>] [hook]
        pytest_pycollect_makeitem [hook]
            collector: <Module others_test.py>
            name: test_https_security
            obj: <function test_https_security at 0x7215316837e0>
          pytest_generate_tests [hook]
              metafunc: <_pytest.python.Metafunc object at 0x72153163ea50>
          finish pytest_generate_tests --> [] [hook]
        finish pytest_pycollect_makeitem --> [<Function test_https_security>] [hook]
      finish pytest_make_collect_report --> <CollectReport 'others_test.py' lenresult=5 outcome='passed'> [hook]
    genitems <Function test_navigation> [collection]
      pytest_itemcollected [hook]
          item: <Function test_navigation>
      finish pytest_itemcollected --> [] [hook]
    genitems <Function test_form_submission> [collection]
      pytest_itemcollected [hook]
          item: <Function test_form_submission>
      finish pytest_itemcollected --> [] [hook]
    genitems <Function test_responsive_design> [collection]
      pytest_itemcollected [hook]
          item: <Function test_responsive_design>
      finish pytest_itemcollected --> [] [hook]
    genitems <Function test_page_load_speed> [collection]
      pytest_itemcollected [hook]
          item: <Function test_page_load_speed>
      finish pytest_itemcollected --> [] [hook]
    genitems <Function test_https_security> [collection]
      pytest_itemcollected [hook]
          item: <Function test_https_security>
      finish pytest_itemcollected --> [] [hook]
      pytest_collectreport [hook]
          report: <CollectReport 'others_test.py' lenresult=5 outcome='passed'>
      finish pytest_collectreport --> [] [hook]
      pytest_collection_modifyitems [hook]
          session: <Session  exitstatus=<ExitCode.OK: 0> testsfailed=0 testscollected=0>
          config: <_pytest.config.Config object at 0x721532a725a0>
          items: [<Function test_navigation>, <Function test_form_submission>, <Function test_responsive_design>, <Function test_page_load_speed>, <Function test_https_security>]
      finish pytest_collection_modifyitems --> [] [hook]
      pytest_collection_finish [hook]
          session: <Session  exitstatus=<ExitCode.OK: 0> testsfailed=0 testscollected=0>
        pytest_report_collectionfinish [hook]
            config: <_pytest.config.Config object at 0x721532a725a0>
            items: [<Function test_navigation>, <Function test_form_submission>, <Function test_responsive_design>, <Function test_page_load_speed>, <Function test_https_security>]
            start_path: /home/asd/workspace/Automation-Project/tests
            startdir: /home/asd/workspace/Automation-Project/tests
        finish pytest_report_collectionfinish --> [] [hook]
      finish pytest_collection_finish --> [] [hook]
    finish pytest_collection --> None [hook]
    pytest_runtestloop [hook]
        session: <Session  exitstatus=<ExitCode.OK: 0> testsfailed=0 testscollected=5>
      pytest_runtest_protocol [hook]
          item: <Function test_navigation>
          nextitem: <Function test_form_submission>
        pytest_runtest_logstart [hook]
            nodeid: others_test.py::test_navigation
            location: ('others_test.py', 2, 'test_navigation')
        finish pytest_runtest_logstart --> [] [hook]
        pytest_runtest_setup [hook]
            item: <Function test_navigation>
          pytest_fixture_setup [hook]
              fixturedef: <FixtureDef argname='pytestconfig' scope='session' baseid=''>
              request: <SubRequest 'pytestconfig' for <Function test_navigation>>
          finish pytest_fixture_setup --> <_pytest.config.Config object at 0x721532a725a0> [hook]
          pytest_fixture_setup [hook]
              fixturedef: <FixtureDef argname='delete_output_dir' scope='session' baseid=''>
              request: <SubRequest 'delete_output_dir' for <Function test_navigation>>
          finish pytest_fixture_setup --> None [hook]
          pytest_fixture_setup [hook]
              fixturedef: <FixtureDef argname='base_url' scope='session' baseid=''>
              request: <SubRequest 'base_url' for <Function test_navigation>>
          finish pytest_fixture_setup -->  [hook]
          pytest_fixture_setup [hook]
              fixturedef: <FixtureDef argname='_verify_url' scope='session' baseid=''>
              request: <SubRequest '_verify_url' for <Function test_navigation>>
          finish pytest_fixture_setup --> None [hook]
        finish pytest_runtest_setup --> None [hook]
        pytest_runtest_makereport [hook]
            item: <Function test_navigation>
            call: <CallInfo when='setup' result: None>
        finish pytest_runtest_makereport --> <TestReport 'others_test.py::test_navigation' when='setup' outcome='passed'> [hook]
        pytest_runtest_logreport [hook]
            report: <TestReport 'others_test.py::test_navigation' when='setup' outcome='passed'>
          pytest_report_teststatus [hook]
              report: <TestReport 'others_test.py::test_navigation' when='setup' outcome='passed'>
              config: <_pytest.config.Config object at 0x721532a725a0>
          finish pytest_report_teststatus --> ('', '', '') [hook]
        finish pytest_runtest_logreport --> [] [hook]
        pytest_runtest_call [hook]
            item: <Function test_navigation>
          pytest_pyfunc_call [hook]
              pyfuncitem: <Function test_navigation>
        pytest_runtest_makereport [hook]
            item: <Function test_navigation>
            call: <CallInfo when='call' excinfo=<ExceptionInfo TimeoutError('Page.click: Timeout 30000ms exceeded.\nCall log:\n  - waiting for locator("a[href=\\"/about\\"]")\n') tblen=41>>
        finish pytest_runtest_makereport --> <TestReport 'others_test.py::test_navigation' when='call' outcome='failed'> [hook]
        pytest_runtest_logreport [hook]
            report: <TestReport 'others_test.py::test_navigation' when='call' outcome='failed'>
          pytest_report_teststatus [hook]
              report: <TestReport 'others_test.py::test_navigation' when='call' outcome='failed'>
              config: <_pytest.config.Config object at 0x721532a725a0>
          finish pytest_report_teststatus --> ('failed', 'F', 'FAILED') [hook]
        finish pytest_runtest_logreport --> [] [hook]
        pytest_exception_interact [hook]
            node: <Function test_navigation>
            call: <CallInfo when='call' excinfo=<ExceptionInfo TimeoutError('Page.click: Timeout 30000ms exceeded.\nCall log:\n  - waiting for locator("a[href=\\"/about\\"]")\n') tblen=41>>
            report: <TestReport 'others_test.py::test_navigation' when='call' outcome='failed'>
        finish pytest_exception_interact --> [] [hook]
        pytest_runtest_teardown [hook]
            item: <Function test_navigation>
            nextitem: <Function test_form_submission>
        finish pytest_runtest_teardown --> None [hook]
        pytest_runtest_makereport [hook]
            item: <Function test_navigation>
            call: <CallInfo when='teardown' result: None>
        finish pytest_runtest_makereport --> <TestReport 'others_test.py::test_navigation' when='teardown' outcome='passed'> [hook]
        pytest_runtest_logreport [hook]
            report: <TestReport 'others_test.py::test_navigation' when='teardown' outcome='passed'>
          pytest_report_teststatus [hook]
              report: <TestReport 'others_test.py::test_navigation' when='teardown' outcome='passed'>
              config: <_pytest.config.Config object at 0x721532a725a0>
          finish pytest_report_teststatus --> ('', '', '') [hook]
        finish pytest_runtest_logreport --> [] [hook]
        pytest_runtest_logfinish [hook]
            nodeid: others_test.py::test_navigation
            location: ('others_test.py', 2, 'test_navigation')
        finish pytest_runtest_logfinish --> [] [hook]
      finish pytest_runtest_protocol --> True [hook]
      pytest_runtest_protocol [hook]
          item: <Function test_form_submission>
          nextitem: <Function test_responsive_design>
        pytest_runtest_logstart [hook]
            nodeid: others_test.py::test_form_submission
            location: ('others_test.py', 22, 'test_form_submission')
        finish pytest_runtest_logstart --> [] [hook]
        pytest_runtest_setup [hook]
            item: <Function test_form_submission>
        finish pytest_runtest_setup --> None [hook]
        pytest_runtest_makereport [hook]
            item: <Function test_form_submission>
            call: <CallInfo when='setup' result: None>
        finish pytest_runtest_makereport --> <TestReport 'others_test.py::test_form_submission' when='setup' outcome='passed'> [hook]
        pytest_runtest_logreport [hook]
            report: <TestReport 'others_test.py::test_form_submission' when='setup' outcome='passed'>
          pytest_report_teststatus [hook]
              report: <TestReport 'others_test.py::test_form_submission' when='setup' outcome='passed'>
              config: <_pytest.config.Config object at 0x721532a725a0>
          finish pytest_report_teststatus --> ('', '', '') [hook]
        finish pytest_runtest_logreport --> [] [hook]
        pytest_runtest_call [hook]
            item: <Function test_form_submission>
          pytest_pyfunc_call [hook]
              pyfuncitem: <Function test_form_submission>
        pytest_runtest_makereport [hook]
            item: <Function test_form_submission>
            call: <CallInfo when='call' excinfo=<ExceptionInfo TimeoutError('Page.click: Timeout 30000ms exceeded.\nCall log:\n  - waiting for locator("button[type=\\"submit\\"]")\n') tblen=41>>
        finish pytest_runtest_makereport --> <TestReport 'others_test.py::test_form_submission' when='call' outcome='failed'> [hook]
        pytest_runtest_logreport [hook]
            report: <TestReport 'others_test.py::test_form_submission' when='call' outcome='failed'>
          pytest_report_teststatus [hook]
              report: <TestReport 'others_test.py::test_form_submission' when='call' outcome='failed'>
              config: <_pytest.config.Config object at 0x721532a725a0>
          finish pytest_report_teststatus --> ('failed', 'F', 'FAILED') [hook]
        finish pytest_runtest_logreport --> [] [hook]
        pytest_exception_interact [hook]
            node: <Function test_form_submission>
            call: <CallInfo when='call' excinfo=<ExceptionInfo TimeoutError('Page.click: Timeout 30000ms exceeded.\nCall log:\n  - waiting for locator("button[type=\\"submit\\"]")\n') tblen=41>>
            report: <TestReport 'others_test.py::test_form_submission' when='call' outcome='failed'>
        finish pytest_exception_interact --> [] [hook]
        pytest_runtest_teardown [hook]
            item: <Function test_form_submission>
            nextitem: <Function test_responsive_design>
        finish pytest_runtest_teardown --> None [hook]
        pytest_runtest_makereport [hook]
            item: <Function test_form_submission>
            call: <CallInfo when='teardown' result: None>
        finish pytest_runtest_makereport --> <TestReport 'others_test.py::test_form_submission' when='teardown' outcome='passed'> [hook]
        pytest_runtest_logreport [hook]
            report: <TestReport 'others_test.py::test_form_submission' when='teardown' outcome='passed'>
          pytest_report_teststatus [hook]
              report: <TestReport 'others_test.py::test_form_submission' when='teardown' outcome='passed'>
              config: <_pytest.config.Config object at 0x721532a725a0>
          finish pytest_report_teststatus --> ('', '', '') [hook]
        finish pytest_runtest_logreport --> [] [hook]
        pytest_runtest_logfinish [hook]
            nodeid: others_test.py::test_form_submission
            location: ('others_test.py', 22, 'test_form_submission')
        finish pytest_runtest_logfinish --> [] [hook]
      finish pytest_runtest_protocol --> True [hook]
      pytest_runtest_protocol [hook]
          item: <Function test_responsive_design>
          nextitem: <Function test_page_load_speed>
        pytest_runtest_logstart [hook]
            nodeid: others_test.py::test_responsive_design
            location: ('others_test.py', 46, 'test_responsive_design')
        finish pytest_runtest_logstart --> [] [hook]
        pytest_runtest_setup [hook]
            item: <Function test_responsive_design>
        finish pytest_runtest_setup --> None [hook]
        pytest_runtest_makereport [hook]
            item: <Function test_responsive_design>
            call: <CallInfo when='setup' result: None>
        finish pytest_runtest_makereport --> <TestReport 'others_test.py::test_responsive_design' when='setup' outcome='passed'> [hook]
        pytest_runtest_logreport [hook]
            report: <TestReport 'others_test.py::test_responsive_design' when='setup' outcome='passed'>
          pytest_report_teststatus [hook]
              report: <TestReport 'others_test.py::test_responsive_design' when='setup' outcome='passed'>
              config: <_pytest.config.Config object at 0x721532a725a0>
          finish pytest_report_teststatus --> ('', '', '') [hook]
        finish pytest_runtest_logreport --> [] [hook]
        pytest_runtest_call [hook]
            item: <Function test_responsive_design>
          pytest_pyfunc_call [hook]
              pyfuncitem: <Function test_responsive_design>
        pytest_runtest_makereport [hook]
            item: <Function test_responsive_design>
            call: <CallInfo when='call' excinfo=<ExceptionInfo AssertionError('Mobile menu not visible!\nassert False\n +  where False = is_visible()\n +    where is_visible = <Locator frame=<Frame name= url=\'https://www.arpeely.com/\'> selector=\'button[aria-label="Open menu"]\'>.is_visible') tblen=35>>
        finish pytest_runtest_makereport --> <TestReport 'others_test.py::test_responsive_design' when='call' outcome='failed'> [hook]
        pytest_runtest_logreport [hook]
            report: <TestReport 'others_test.py::test_responsive_design' when='call' outcome='failed'>
          pytest_report_teststatus [hook]
              report: <TestReport 'others_test.py::test_responsive_design' when='call' outcome='failed'>
              config: <_pytest.config.Config object at 0x721532a725a0>
          finish pytest_report_teststatus --> ('failed', 'F', 'FAILED') [hook]
        finish pytest_runtest_logreport --> [] [hook]
        pytest_exception_interact [hook]
            node: <Function test_responsive_design>
            call: <CallInfo when='call' excinfo=<ExceptionInfo AssertionError('Mobile menu not visible!\nassert False\n +  where False = is_visible()\n +    where is_visible = <Locator frame=<Frame name= url=\'https://www.arpeely.com/\'> selector=\'button[aria-label="Open menu"]\'>.is_visible') tblen=35>>
            report: <TestReport 'others_test.py::test_responsive_design' when='call' outcome='failed'>
        finish pytest_exception_interact --> [] [hook]
        pytest_runtest_teardown [hook]
            item: <Function test_responsive_design>
            nextitem: <Function test_page_load_speed>
        finish pytest_runtest_teardown --> None [hook]
        pytest_runtest_makereport [hook]
            item: <Function test_responsive_design>
            call: <CallInfo when='teardown' result: None>
        finish pytest_runtest_makereport --> <TestReport 'others_test.py::test_responsive_design' when='teardown' outcome='passed'> [hook]
        pytest_runtest_logreport [hook]
            report: <TestReport 'others_test.py::test_responsive_design' when='teardown' outcome='passed'>
          pytest_report_teststatus [hook]
              report: <TestReport 'others_test.py::test_responsive_design' when='teardown' outcome='passed'>
              config: <_pytest.config.Config object at 0x721532a725a0>
          finish pytest_report_teststatus --> ('', '', '') [hook]
        finish pytest_runtest_logreport --> [] [hook]
        pytest_runtest_logfinish [hook]
            nodeid: others_test.py::test_responsive_design
            location: ('others_test.py', 46, 'test_responsive_design')
        finish pytest_runtest_logfinish --> [] [hook]
      finish pytest_runtest_protocol --> True [hook]
      pytest_runtest_protocol [hook]
          item: <Function test_page_load_speed>
          nextitem: <Function test_https_security>
        pytest_runtest_logstart [hook]
            nodeid: others_test.py::test_page_load_speed
            location: ('others_test.py', 62, 'test_page_load_speed')
        finish pytest_runtest_logstart --> [] [hook]
        pytest_runtest_setup [hook]
            item: <Function test_page_load_speed>
        finish pytest_runtest_setup --> None [hook]
        pytest_runtest_makereport [hook]
            item: <Function test_page_load_speed>
            call: <CallInfo when='setup' result: None>
        finish pytest_runtest_makereport --> <TestReport 'others_test.py::test_page_load_speed' when='setup' outcome='passed'> [hook]
        pytest_runtest_logreport [hook]
            report: <TestReport 'others_test.py::test_page_load_speed' when='setup' outcome='passed'>
          pytest_report_teststatus [hook]
              report: <TestReport 'others_test.py::test_page_load_speed' when='setup' outcome='passed'>
              config: <_pytest.config.Config object at 0x721532a725a0>
          finish pytest_report_teststatus --> ('', '', '') [hook]
        finish pytest_runtest_logreport --> [] [hook]
        pytest_runtest_call [hook]
            item: <Function test_page_load_speed>
          pytest_pyfunc_call [hook]
              pyfuncitem: <Function test_page_load_speed>
            pytest_assertrepr_compare [hook]
                config: <_pytest.config.Config object at 0x721532a725a0>
                op: <
                left: 2366
                right: 2000
            finish pytest_assertrepr_compare --> [] [hook]
        pytest_runtest_makereport [hook]
            item: <Function test_page_load_speed>
            call: <CallInfo when='call' excinfo=<ExceptionInfo AssertionError('Page load time is too long: 2366ms\nassert 2366 < 2000') tblen=35>>
        finish pytest_runtest_makereport --> <TestReport 'others_test.py::test_page_load_speed' when='call' outcome='failed'> [hook]
        pytest_runtest_logreport [hook]
            report: <TestReport 'others_test.py::test_page_load_speed' when='call' outcome='failed'>
          pytest_report_teststatus [hook]
              report: <TestReport 'others_test.py::test_page_load_speed' when='call' outcome='failed'>
              config: <_pytest.config.Config object at 0x721532a725a0>
          finish pytest_report_teststatus --> ('failed', 'F', 'FAILED') [hook]
        finish pytest_runtest_logreport --> [] [hook]
        pytest_exception_interact [hook]
            node: <Function test_page_load_speed>
            call: <CallInfo when='call' excinfo=<ExceptionInfo AssertionError('Page load time is too long: 2366ms\nassert 2366 < 2000') tblen=35>>
            report: <TestReport 'others_test.py::test_page_load_speed' when='call' outcome='failed'>
        finish pytest_exception_interact --> [] [hook]
        pytest_runtest_teardown [hook]
            item: <Function test_page_load_speed>
            nextitem: <Function test_https_security>
        finish pytest_runtest_teardown --> None [hook]
        pytest_runtest_makereport [hook]
            item: <Function test_page_load_speed>
            call: <CallInfo when='teardown' result: None>
        finish pytest_runtest_makereport --> <TestReport 'others_test.py::test_page_load_speed' when='teardown' outcome='passed'> [hook]
        pytest_runtest_logreport [hook]
            report: <TestReport 'others_test.py::test_page_load_speed' when='teardown' outcome='passed'>
          pytest_report_teststatus [hook]
              report: <TestReport 'others_test.py::test_page_load_speed' when='teardown' outcome='passed'>
              config: <_pytest.config.Config object at 0x721532a725a0>
          finish pytest_report_teststatus --> ('', '', '') [hook]
        finish pytest_runtest_logreport --> [] [hook]
        pytest_runtest_logfinish [hook]
            nodeid: others_test.py::test_page_load_speed
            location: ('others_test.py', 62, 'test_page_load_speed')
        finish pytest_runtest_logfinish --> [] [hook]
      finish pytest_runtest_protocol --> True [hook]
      pytest_runtest_protocol [hook]
          item: <Function test_https_security>
          nextitem: None
        pytest_runtest_logstart [hook]
            nodeid: others_test.py::test_https_security
            location: ('others_test.py', 77, 'test_https_security')
        finish pytest_runtest_logstart --> [] [hook]
        pytest_runtest_setup [hook]
            item: <Function test_https_security>
        finish pytest_runtest_setup --> None [hook]
        pytest_runtest_makereport [hook]
            item: <Function test_https_security>
            call: <CallInfo when='setup' result: None>
        finish pytest_runtest_makereport --> <TestReport 'others_test.py::test_https_security' when='setup' outcome='passed'> [hook]
        pytest_runtest_logreport [hook]
            report: <TestReport 'others_test.py::test_https_security' when='setup' outcome='passed'>
          pytest_report_teststatus [hook]
              report: <TestReport 'others_test.py::test_https_security' when='setup' outcome='passed'>
              config: <_pytest.config.Config object at 0x721532a725a0>
          finish pytest_report_teststatus --> ('', '', '') [hook]
        finish pytest_runtest_logreport --> [] [hook]
        pytest_runtest_call [hook]
            item: <Function test_https_security>
          pytest_pyfunc_call [hook]
              pyfuncitem: <Function test_https_security>
          finish pytest_pyfunc_call --> True [hook]
        finish pytest_runtest_call --> None [hook]
        pytest_runtest_makereport [hook]
            item: <Function test_https_security>
            call: <CallInfo when='call' result: None>
        finish pytest_runtest_makereport --> <TestReport 'others_test.py::test_https_security' when='call' outcome='passed'> [hook]
        pytest_runtest_logreport [hook]
            report: <TestReport 'others_test.py::test_https_security' when='call' outcome='passed'>
          pytest_report_teststatus [hook]
              report: <TestReport 'others_test.py::test_https_security' when='call' outcome='passed'>
              config: <_pytest.config.Config object at 0x721532a725a0>
          finish pytest_report_teststatus --> ('passed', '.', 'PASSED') [hook]
        finish pytest_runtest_logreport --> [] [hook]
        pytest_runtest_teardown [hook]
            item: <Function test_https_security>
            nextitem: None
          pytest_fixture_post_finalizer [hook]
              fixturedef: <FixtureDef argname='_verify_url' scope='session' baseid=''>
              request: <SubRequest '_verify_url' for <Function test_navigation>>
          finish pytest_fixture_post_finalizer --> [] [hook]
          pytest_fixture_post_finalizer [hook]
              fixturedef: <FixtureDef argname='_verify_url' scope='session' baseid=''>
              request: <SubRequest '_verify_url' for <Function test_navigation>>
          finish pytest_fixture_post_finalizer --> [] [hook]
          pytest_fixture_post_finalizer [hook]
              fixturedef: <FixtureDef argname='base_url' scope='session' baseid=''>
              request: <SubRequest 'base_url' for <Function test_navigation>>
          finish pytest_fixture_post_finalizer --> [] [hook]
          pytest_fixture_post_finalizer [hook]
              fixturedef: <FixtureDef argname='delete_output_dir' scope='session' baseid=''>
              request: <SubRequest 'delete_output_dir' for <Function test_navigation>>
          finish pytest_fixture_post_finalizer --> [] [hook]
          pytest_fixture_post_finalizer [hook]
              fixturedef: <FixtureDef argname='delete_output_dir' scope='session' baseid=''>
              request: <SubRequest 'delete_output_dir' for <Function test_navigation>>
          finish pytest_fixture_post_finalizer --> [] [hook]
          pytest_fixture_post_finalizer [hook]
              fixturedef: <FixtureDef argname='pytestconfig' scope='session' baseid=''>
              request: <SubRequest 'pytestconfig' for <Function test_navigation>>
          finish pytest_fixture_post_finalizer --> [] [hook]
        finish pytest_runtest_teardown --> None [hook]
        pytest_runtest_makereport [hook]
            item: <Function test_https_security>
            call: <CallInfo when='teardown' result: None>
        finish pytest_runtest_makereport --> <TestReport 'others_test.py::test_https_security' when='teardown' outcome='passed'> [hook]
        pytest_runtest_logreport [hook]
            report: <TestReport 'others_test.py::test_https_security' when='teardown' outcome='passed'>
          pytest_report_teststatus [hook]
              report: <TestReport 'others_test.py::test_https_security' when='teardown' outcome='passed'>
              config: <_pytest.config.Config object at 0x721532a725a0>
          finish pytest_report_teststatus --> ('', '', '') [hook]
        finish pytest_runtest_logreport --> [] [hook]
        pytest_runtest_logfinish [hook]
            nodeid: others_test.py::test_https_security
            location: ('others_test.py', 77, 'test_https_security')
        finish pytest_runtest_logfinish --> [] [hook]
      finish pytest_runtest_protocol --> True [hook]
    finish pytest_runtestloop --> True [hook]
    pytest_sessionfinish [hook]
        session: <Session  exitstatus=<ExitCode.TESTS_FAILED: 1> testsfailed=4 testscollected=5>
        exitstatus: 1
      pytest_terminal_summary [hook]
          terminalreporter: <_pytest.terminal.TerminalReporter object at 0x7215316455e0>
          exitstatus: 1
          config: <_pytest.config.Config object at 0x721532a725a0>
      early skip of rewriting module: pygments [assertion]
      early skip of rewriting module: pygments [assertion]
      early skip of rewriting module: pygments [assertion]
      early skip of rewriting module: pygments [assertion]
      early skip of rewriting module: pygments [assertion]
      early skip of rewriting module: pygments [assertion]
      early skip of rewriting module: pygments [assertion]
      early skip of rewriting module: pygments [assertion]
      early skip of rewriting module: pygments [assertion]
      early skip of rewriting module: pygments [assertion]
      early skip of rewriting module: pygments [assertion]
      early skip of rewriting module: pygments [assertion]
      early skip of rewriting module: pygments [assertion]
      early skip of rewriting module: pygments [assertion]
        pytest_report_teststatus [hook]
            report: <TestReport 'others_test.py::test_navigation' when='call' outcome='failed'>
            config: <_pytest.config.Config object at 0x721532a725a0>
        finish pytest_report_teststatus --> ('failed', 'F', 'FAILED') [hook]
        pytest_report_teststatus [hook]
            report: <TestReport 'others_test.py::test_form_submission' when='call' outcome='failed'>
            config: <_pytest.config.Config object at 0x721532a725a0>
        finish pytest_report_teststatus --> ('failed', 'F', 'FAILED') [hook]
        pytest_report_teststatus [hook]
            report: <TestReport 'others_test.py::test_responsive_design' when='call' outcome='failed'>
            config: <_pytest.config.Config object at 0x721532a725a0>
        finish pytest_report_teststatus --> ('failed', 'F', 'FAILED') [hook]
        pytest_report_teststatus [hook]
            report: <TestReport 'others_test.py::test_page_load_speed' when='call' outcome='failed'>
            config: <_pytest.config.Config object at 0x721532a725a0>
        finish pytest_report_teststatus --> ('failed', 'F', 'FAILED') [hook]
      finish pytest_terminal_summary --> [] [hook]
    finish pytest_sessionfinish --> [] [hook]
    pytest_unconfigure [hook]
        config: <_pytest.config.Config object at 0x721532a725a0>
    finish pytest_unconfigure --> [] [hook]
